<?xml version='1.0'?>
<ns2:test-suite xmlns:ns2='urn:model.allure.qatools.yandex.ru' start='1663768435534' stop='1663768455968'>
    <name>Check registration possibility through `Try for free ->` field</name>
    <title>Check registration possibility through `Try for free ->` field</title>
    <test-cases>
        <test-case start='1663768435535' status='broken' stop='1663768451348'>
            <name>TC-001 Check registration with valid credentials</name>
            <title>TC-001 Check registration with valid credentials</title>
            <labels>
                <label name='language' value='javascript'/>
                <label name='framework' value='wdio'/>
                <label name='thread' value='0-0'/>
            </labels>
            <parameters>
                <parameter kind='argument' name='browser' value='chrome-105.0.5195.127'/>
            </parameters>
            <steps/>
            <attachments/>
            <failure>
                <message>element ("input[name="email"]") still not displayed after 10000ms</message>
                <stack-trace>Error: element ("input[name="email"]") still not displayed after 10000ms
                    at C:\Users\GRIM\Desktop\QA\wdio-allure-pipeline__telnix.com\node_modules\webdriverio\build\commands\browser\waitUntil.js:66:23
                    at async Element.wrapCommandFn (C:\Users\GRIM\Desktop\QA\wdio-allure-pipeline__telnix.com\node_modules\@wdio\utils\build\shim.js:137:29)
                    at async Element.elementErrorHandlerCallbackFn (C:\Users\GRIM\Desktop\QA\wdio-allure-pipeline__telnix.com\node_modules\webdriverio\build\middlewares.js:24:32)
                    at async Element.wrapCommandFn (C:\Users\GRIM\Desktop\QA\wdio-allure-pipeline__telnix.com\node_modules\@wdio\utils\build\shim.js:137:29)
                    at async Element.wrapCommandFn (C:\Users\GRIM\Desktop\QA\wdio-allure-pipeline__telnix.com\node_modules\@wdio\utils\build\shim.js:137:29)
                    at async Element.elementErrorHandlerCallbackFn (C:\Users\GRIM\Desktop\QA\wdio-allure-pipeline__telnix.com\node_modules\webdriverio\build\middlewares.js:24:32)
                    at async Element.wrapCommandFn (C:\Users\GRIM\Desktop\QA\wdio-allure-pipeline__telnix.com\node_modules\@wdio\utils\build\shim.js:137:29)
                    at async Context.&lt;anonymous> (C:\Users\GRIM\Desktop\QA\wdio-allure-pipeline__telnix.com\test\specs\registrationTest.spec.js:12:5)</stack-trace>
            </failure>
        </test-case>
        <test-case start='1663768451349' status='broken' stop='1663768455967'>
            <name>TC-002 Check registration with invalid credentials</name>
            <title>TC-002 Check registration with invalid credentials</title>
            <labels>
                <label name='language' value='javascript'/>
                <label name='framework' value='wdio'/>
                <label name='thread' value='0-0'/>
            </labels>
            <parameters>
                <parameter kind='argument' name='browser' value='chrome-105.0.5195.127'/>
            </parameters>
            <steps/>
            <attachments/>
            <failure>
                <message>no such window: target window already closed
                from unknown error: web view not found
                  (Session info: chrome=105.0.5195.127)</message>
                <stack-trace>no such window: no such window: target window already closed
                from unknown error: web view not found
                  (Session info: chrome=105.0.5195.127)
                    at getErrorFromResponseBody (C:\Users\GRIM\Desktop\QA\wdio-allure-pipeline__telnix.com\node_modules\webdriver\build\utils.js:198:12)
                    at NodeJSRequest._request (C:\Users\GRIM\Desktop\QA\wdio-allure-pipeline__telnix.com\node_modules\webdriver\build\request\index.js:166:60)
                    at processTicksAndRejections (node:internal/process/task_queues:96:5)
                    at async Browser.wrapCommandFn (C:\Users\GRIM\Desktop\QA\wdio-allure-pipeline__telnix.com\node_modules\@wdio\utils\build\shim.js:137:29)
                    at async Browser.$ (C:\Users\GRIM\Desktop\QA\wdio-allure-pipeline__telnix.com\node_modules\webdriverio\build\commands\browser\$.js:91:17)
                    at async Browser.wrapCommandFn (C:\Users\GRIM\Desktop\QA\wdio-allure-pipeline__telnix.com\node_modules\@wdio\utils\build\shim.js:137:29)
                    at async Context.&lt;anonymous> (C:\Users\GRIM\Desktop\QA\wdio-allure-pipeline__telnix.com\test\specs\registrationTest.spec.js:26:5)</stack-trace>
            </failure>
        </test-case>
    </test-cases>
</ns2:test-suite>